<?xml version="1.0" encoding="UTF-8"?>
<testsuite xmlns:xsi="http://www.w3.org/2001/XMLSchema-instance" xsi:noNamespaceSchemaLocation="https://maven.apache.org/surefire/maven-surefire-plugin/xsd/surefire-test-report.xsd" name="action.surefire.report.calc.AllOkTest" time="0.027" tests="1" errors="0" skipped="0" failures="0">
  <testcase name="everythingIsFine" classname="action.surefire.report.calc.AllOkTest" time="0.002"/>
</testsuite>